<?xml version="1.0" encoding="UTF-8"?>
<!-- Generated by org.testng.reporters.JUnitReportReporter -->
<testsuite skipped="0" hostname="USER-PC" name="packaged.Demo1" tests="1" failures="0" timestamp="26 Apr 2019 07:58:44 GMT" time="0.006" errors="0">
  <testcase name="t" time="0.006" classname="packaged.Demo1"/>
</testsuite> <!-- packaged.Demo1 -->
